#
# There is insufficient memory for the Java Runtime Environment to continue.
# Native memory allocation (mmap) failed to map 62914560 bytes for Failed to commit area from 0x000000008ca00000 to 0x0000000090600000 of length 62914560.
# Possible reasons:
#   The system is out of physical RAM or swap space
#   The process is running with CompressedOops enabled, and the Java Heap may be blocking the growth of the native heap
# Possible solutions:
#   Reduce memory load on the system
#   Increase physical memory or swap space
#   Check if swap backing store is full
#   Decrease Java heap size (-Xmx/-Xms)
#   Decrease number of Java threads
#   Decrease Java thread stack sizes (-Xss)
#   Set larger code cache with -XX:ReservedCodeCacheSize=
#   JVM is running with Unscaled Compressed Oops mode in which the Java heap is
#     placed in the first 4GB address space. The Java Heap base address is the
#     maximum limit for the native heap growth. Please use -XX:HeapBaseMinAddress
#     to set the Java Heap base and to place the Java Heap above 4GB virtual address.
# This output file may be truncated or incomplete.
#
#  Out of Memory Error (./src/hotspot/os/windows/os_windows.cpp:3301), pid=13548, tid=4640
#
# JRE version: OpenJDK Runtime Environment (11.0.10) (build 11.0.10+0-b96-7249189)
# Java VM: OpenJDK 64-Bit Server VM (11.0.10+0-b96-7249189, mixed mode, tiered, compressed oops, g1 gc, windows-amd64)
# No core dump will be written. Minidumps are not enabled by default on client versions of Windows
#

---------------  S U M M A R Y ------------

Command Line: --add-opens=java.base/java.util=ALL-UNNAMED --add-opens=java.base/java.lang=ALL-UNNAMED --add-opens=java.base/java.lang.invoke=ALL-UNNAMED --add-opens=java.base/java.util=ALL-UNNAMED --add-opens=java.prefs/java.util.prefs=ALL-UNNAMED --add-opens=java.prefs/java.util.prefs=ALL-UNNAMED --add-opens=java.base/java.nio.charset=ALL-UNNAMED --add-opens=java.base/java.net=ALL-UNNAMED --add-opens=java.base/java.util.concurrent.atomic=ALL-UNNAMED -Xmx2048m -Dfile.encoding=UTF-8 -Duser.country=MX -Duser.language=es -Duser.variant org.gradle.launcher.daemon.bootstrap.GradleDaemon 7.0.2

Host: AMD Ryzen 3 3200G with Radeon Vega Graphics    , 4 cores, 5G,  Windows 10 , 64 bit Build 19041 (10.0.19041.1645)
Time: Sat Apr 23 00:28:32 2022 Hora verano, Montañas (México) elapsed time: 15.096034 seconds (0d 0h 0m 15s)

---------------  T H R E A D  ---------------

Current thread (0x00000250a89a0000):  VMThread "VM Thread" [stack: 0x000000b05f400000,0x000000b05f500000] [id=4640]

Stack: [0x000000b05f400000,0x000000b05f500000]
[error occurred during error reporting (printing stack bounds), id 0xc0000005, EXCEPTION_ACCESS_VIOLATION (0xc0000005) at pc=0x00000250928e0f2d]

Native frames: (J=compiled Java code, j=interpreted, Vv=VM code, C=native code)
V  [jvm.dll+0x5ecfaa]
V  [jvm.dll+0x722bd5]
V  [jvm.dll+0x72412d]
V  [jvm.dll+0x724745]
V  [jvm.dll+0x7246fb]
V  [jvm.dll+0x5ec348]
V  [jvm.dll+0x5ecad8]
C  [ntdll.dll+0xa20cf]
C  [ntdll.dll+0x51454]
C  [ntdll.dll+0xa0bfe]
C  0x00000250928e0f2d

VM_Operation (0x000000b061ff8fe0): G1CollectForAllocation, mode: safepoint, requested by thread 0x00000250ad053800


---------------  P R O C E S S  ---------------

Threads class SMR info:
_java_thread_list=0x00000250abe8c620, length=48, elements={
0x000002508edef800, 0x00000250a89a2000, 0x00000250a89a6000, 0x00000250a89c1000,
0x00000250a89c2000, 0x00000250a89c3800, 0x00000250a89c7000, 0x00000250a89ca800,
0x00000250a8a0e000, 0x00000250a94af800, 0x00000250aae6a800, 0x00000250ac2ce800,
0x00000250ab58c800, 0x00000250aa714800, 0x00000250aa16f000, 0x00000250aa7b9000,
0x00000250ab4f9000, 0x00000250ab8c1800, 0x00000250ab992800, 0x00000250ac05d800,
0x00000250ac060000, 0x00000250ac05c000, 0x00000250ac05e800, 0x00000250ac062800,
0x00000250ac05c800, 0x00000250ac05f000, 0x00000250ac061000, 0x00000250ac061800,
0x00000250ad055000, 0x00000250ad04f800, 0x00000250ad054000, 0x00000250ad050000,
0x00000250ad056800, 0x00000250ad057800, 0x00000250ad051800, 0x00000250ad052800,
0x00000250ad058800, 0x00000250ad059000, 0x00000250ad053800, 0x00000250ad05c800,
0x00000250ad05d000, 0x00000250ad05a000, 0x00000250ad05a800, 0x00000250b0806000,
0x00000250b0803800, 0x00000250b0807000, 0x00000250b0805000, 0x00000250b0804800
}

Java Threads: ( => current thread )
  0x000002508edef800 JavaThread "main" [_thread_blocked, id=5436, stack(0x000000b05ee00000,0x000000b05ef00000)]
  0x00000250a89a2000 JavaThread "Reference Handler" daemon [_thread_blocked, id=8508, stack(0x000000b05f500000,0x000000b05f600000)]
  0x00000250a89a6000 JavaThread "Finalizer" daemon [_thread_blocked, id=14572, stack(0x000000b05f600000,0x000000b05f700000)]
  0x00000250a89c1000 JavaThread "Signal Dispatcher" daemon [_thread_blocked, id=2560, stack(0x000000b05f700000,0x000000b05f800000)]
  0x00000250a89c2000 JavaThread "Attach Listener" daemon [_thread_blocked, id=12616, stack(0x000000b05f800000,0x000000b05f900000)]
  0x00000250a89c3800 JavaThread "Service Thread" daemon [_thread_blocked, id=3300, stack(0x000000b05f900000,0x000000b05fa00000)]
  0x00000250a89c7000 JavaThread "C2 CompilerThread0" daemon [_thread_blocked, id=6452, stack(0x000000b05fa00000,0x000000b05fb00000)]
  0x00000250a89ca800 JavaThread "C1 CompilerThread0" daemon [_thread_blocked, id=816, stack(0x000000b05fb00000,0x000000b05fc00000)]
  0x00000250a8a0e000 JavaThread "Sweeper thread" daemon [_thread_blocked, id=14864, stack(0x000000b05fc00000,0x000000b05fd00000)]
  0x00000250a94af800 JavaThread "Common-Cleaner" daemon [_thread_blocked, id=15764, stack(0x000000b05fd00000,0x000000b05fe00000)]
  0x00000250aae6a800 JavaThread "Daemon health stats" [_thread_blocked, id=4260, stack(0x000000b060100000,0x000000b060200000)]
  0x00000250ac2ce800 JavaThread "Incoming local TCP Connector on port 58278" [_thread_in_native, id=380, stack(0x000000b060200000,0x000000b060300000)]
  0x00000250ab58c800 JavaThread "Daemon periodic checks" [_thread_blocked, id=15452, stack(0x000000b060300000,0x000000b060400000)]
  0x00000250aa714800 JavaThread "Daemon" [_thread_blocked, id=2984, stack(0x000000b060400000,0x000000b060500000)]
  0x00000250aa16f000 JavaThread "Handler for socket connection from /127.0.0.1:58278 to /127.0.0.1:58279" [_thread_in_native, id=15432, stack(0x000000b060500000,0x000000b060600000)]
  0x00000250aa7b9000 JavaThread "Cancel handler" [_thread_blocked, id=14044, stack(0x000000b060600000,0x000000b060700000)]
  0x00000250ab4f9000 JavaThread "Daemon worker" [_thread_blocked, id=10504, stack(0x000000b060700000,0x000000b060800000)]
  0x00000250ab8c1800 JavaThread "Asynchronous log dispatcher for DefaultDaemonConnection: socket connection from /127.0.0.1:58278 to /127.0.0.1:58279" [_thread_blocked, id=2440, stack(0x000000b060800000,0x000000b060900000)]
  0x00000250ab992800 JavaThread "Stdin handler" [_thread_blocked, id=9956, stack(0x000000b060900000,0x000000b060a00000)]
  0x00000250ac05d800 JavaThread "Daemon client event forwarder" [_thread_blocked, id=4612, stack(0x000000b060a00000,0x000000b060b00000)]
  0x00000250ac060000 JavaThread "Cache worker for file hash cache (C:\Users\migue\.gradle\caches\7.0.2\fileHashes)" [_thread_blocked, id=11260, stack(0x000000b060d00000,0x000000b060e00000)]
  0x00000250ac05c000 JavaThread "File lock request listener" [_thread_in_native, id=16152, stack(0x000000b060e00000,0x000000b060f00000)]
  0x00000250ac05e800 JavaThread "Cache worker for journal cache (C:\Users\migue\.gradle\caches\journal-1)" [_thread_blocked, id=13336, stack(0x000000b060f00000,0x000000b061000000)]
  0x00000250ac062800 JavaThread "Cache worker for file hash cache (C:\Users\migue\MyApplication\.gradle\7.0.2\fileHashes)" [_thread_blocked, id=14224, stack(0x000000b061000000,0x000000b061100000)]
  0x00000250ac05c800 JavaThread "File watcher server" daemon [_thread_blocked, id=1392, stack(0x000000b061100000,0x000000b061200000)]
  0x00000250ac05f000 JavaThread "File watcher consumer" daemon [_thread_blocked, id=9556, stack(0x000000b061200000,0x000000b061300000)]
  0x00000250ac061000 JavaThread "Cache worker for checksums cache (C:\Users\migue\MyApplication\.gradle\checksums)" [_thread_blocked, id=16344, stack(0x000000b061300000,0x000000b061400000)]
  0x00000250ac061800 JavaThread "Cache worker for cache directory md-supplier (C:\Users\migue\.gradle\caches\7.0.2\md-supplier)" [_thread_blocked, id=9272, stack(0x000000b061400000,0x000000b061500000)]
  0x00000250ad055000 JavaThread "Cache worker for cache directory md-rule (C:\Users\migue\.gradle\caches\7.0.2\md-rule)" [_thread_blocked, id=7340, stack(0x000000b061500000,0x000000b061600000)]
  0x00000250ad04f800 JavaThread "Cache worker for execution history cache (C:\Users\migue\.gradle\caches\7.0.2\executionHistory)" [_thread_blocked, id=8992, stack(0x000000b061600000,0x000000b061700000)]
  0x00000250ad054000 JavaThread "jar transforms" [_thread_blocked, id=13100, stack(0x000000b061700000,0x000000b061800000)]
  0x00000250ad050000 JavaThread "jar transforms Thread 2" [_thread_blocked, id=3240, stack(0x000000b061800000,0x000000b061900000)]
  0x00000250ad056800 JavaThread "Cache worker for file content cache (C:\Users\migue\.gradle\caches\7.0.2\fileContent)" [_thread_blocked, id=11000, stack(0x000000b061900000,0x000000b061a00000)]
  0x00000250ad057800 JavaThread "Cache worker for dependencies-accessors (C:\Users\migue\MyApplication\.gradle\7.0.2\dependencies-accessors)" [_thread_blocked, id=14120, stack(0x000000b061a00000,0x000000b061b00000)]
  0x00000250ad051800 JavaThread "jar transforms Thread 3" [_thread_blocked, id=13236, stack(0x000000b061b00000,0x000000b061c00000)]
  0x00000250ad052800 JavaThread "Cache worker for Build Output Cleanup Cache (C:\Users\migue\MyApplication\.gradle\buildOutputCleanup)" [_thread_blocked, id=7780, stack(0x000000b061c00000,0x000000b061d00000)]
  0x00000250ad058800 JavaThread "Build operations" [_thread_blocked, id=7776, stack(0x000000b061d00000,0x000000b061e00000)]
  0x00000250ad059000 JavaThread "Build operations Thread 2" [_thread_blocked, id=14592, stack(0x000000b061e00000,0x000000b061f00000)]
  0x00000250ad053800 JavaThread "Build operations Thread 3" [_thread_blocked, id=9448, stack(0x000000b061f00000,0x000000b062000000)]
  0x00000250ad05c800 JavaThread "Build operations Thread 4" [_thread_blocked, id=14384, stack(0x000000b062000000,0x000000b062100000)]
  0x00000250ad05d000 JavaThread "jar transforms Thread 4" [_thread_blocked, id=9992, stack(0x000000b062100000,0x000000b062200000)]
  0x00000250ad05a000 JavaThread "Memory manager" [_thread_blocked, id=13352, stack(0x000000b062200000,0x000000b062300000)]
  0x00000250ad05a800 JavaThread "build event listener" [_thread_blocked, id=15044, stack(0x000000b062300000,0x000000b062400000)]
  0x00000250b0806000 JavaThread "Execution worker for ':'" [_thread_blocked, id=14980, stack(0x000000b062400000,0x000000b062500000)]
  0x00000250b0803800 JavaThread "Execution worker for ':' Thread 2" [_thread_blocked, id=8208, stack(0x000000b062500000,0x000000b062600000)]
  0x00000250b0807000 JavaThread "Execution worker for ':' Thread 3" [_thread_blocked, id=8344, stack(0x000000b062600000,0x000000b062700000)]
  0x00000250b0805000 JavaThread "Cache worker for execution history cache (C:\Users\migue\MyApplication\.gradle\7.0.2\executionHistory)" [_thread_blocked, id=16260, stack(0x000000b062700000,0x000000b062800000)]
  0x00000250b0804800 JavaThread "WorkerExecutor Queue" [_thread_blocked, id=16324, stack(0x000000b05ff00000,0x000000b060000000)]

Other Threads:
=>0x00000250a89a0000 VMThread "VM Thread" [stack: 0x000000b05f400000,0x000000b05f500000] [id=4640]
  0x00000250a94f4800 WatcherThread [stack: 0x000000b05fe00000,0x000000b05ff00000] [id=8320]
  0x000002508ee08800 GCTaskThread "GC Thread#0" [stack: 0x000000b05ef00000,0x000000b05f000000] [id=14528]
  0x00000250aa3d5800 GCTaskThread "GC Thread#1" [stack: 0x000000b060000000,0x000000b060100000] [id=12228]
  0x00000250acc64800 GCTaskThread "GC Thread#2" [stack: 0x000000b060b00000,0x000000b060c00000] [id=14984]
  0x00000250aaa54800 GCTaskThread "GC Thread#3" [stack: 0x000000b060c00000,0x000000b060d00000] [id=13148]
  0x000002508ee38800 ConcurrentGCThread "G1 Main Marker" [stack: 0x000000b05f000000,0x000000b05f100000] [id=3192]
  0x000002508ee3b000 ConcurrentGCThread "G1 Conc#0" [stack: 0x000000b05f100000,0x000000b05f200000] [id=2528]
  0x000002508eeab800 ConcurrentGCThread "G1 Refine#0" [stack: 0x000000b05f200000,0x000000b05f300000] [id=12256]
  0x000002508eeac800 ConcurrentGCThread "G1 Young RemSet Sampling" [stack: 0x000000b05f300000,0x000000b05f400000] [id=13728]

Threads with active compile tasks:
C2 CompilerThread0  15115 10467       4       com.android.tools.r8.graph.B0$b::a (63 bytes)
C1 CompilerThread0  15115 11458       2       com.android.tools.r8.internal.B4::a (49 bytes)

VM state:at safepoint (normal execution)

VM Mutex/Monitor currently owned by a thread:  ([mutex/lock_event])
[0x000002508edeca60] Threads_lock - owner thread: 0x00000250a89a0000
[0x000002508edec8b0] Heap_lock - owner thread: 0x00000250ad053800

Heap address: 0x0000000080000000, size: 2048 MB, Compressed Oops mode: 32-bit
Narrow klass base: 0x0000000000000000, Narrow klass shift: 3
Compressed class space size: 1073741824 Address: 0x0000000100000000

Heap:
 garbage-first heap   total 268288K, used 122752K [0x0000000080000000, 0x0000000100000000)
  region size 1024K, 4 young (4096K), 4 survivors (4096K)
 Metaspace       used 94445K, capacity 96968K, committed 97280K, reserved 1132544K
  class space    used 12472K, capacity 13495K, committed 13568K, reserved 1048576K
Heap Regions: E=young(eden), S=young(survivor), O=old, HS=humongous(starts), HC=humongous(continues), CS=collection set, F=free, A=archive, TAMS=top-at-mark-start (previous, next)
|   0|0x0000000080000000, 0x0000000080100000, 0x0000000080100000|100%| O|  |TAMS 0x0000000080100000, 0x0000000080000000| Untracked 
|   1|0x0000000080100000, 0x0000000080200000, 0x0000000080200000|100%| O|  |TAMS 0x0000000080200000, 0x0000000080100000| Untracked 
|   2|0x0000000080200000, 0x0000000080300000, 0x0000000080300000|100%| O|  |TAMS 0x0000000080300000, 0x0000000080200000| Untracked 
|   3|0x0000000080300000, 0x0000000080400000, 0x0000000080400000|100%|HS|  |TAMS 0x0000000080400000, 0x0000000080300000| Complete 
|   4|0x0000000080400000, 0x0000000080500000, 0x0000000080500000|100%|HC|  |TAMS 0x0000000080500000, 0x0000000080400000| Complete 
|   5|0x0000000080500000, 0x0000000080600000, 0x0000000080600000|100%|HC|  |TAMS 0x0000000080600000, 0x0000000080500000| Complete 
|   6|0x0000000080600000, 0x0000000080700000, 0x0000000080700000|100%| O|  |TAMS 0x0000000080700000, 0x0000000080600000| Untracked 
|   7|0x0000000080700000, 0x0000000080800000, 0x0000000080800000|100%| O|  |TAMS 0x0000000080800000, 0x0000000080700000| Untracked 
|   8|0x0000000080800000, 0x0000000080900000, 0x0000000080900000|100%| O|  |TAMS 0x0000000080900000, 0x0000000080800000| Untracked 
|   9|0x0000000080900000, 0x0000000080a00000, 0x0000000080a00000|100%| O|  |TAMS 0x0000000080a00000, 0x0000000080900000| Untracked 
|  10|0x0000000080a00000, 0x0000000080b00000, 0x0000000080b00000|100%| O|  |TAMS 0x0000000080b00000, 0x0000000080a00000| Untracked 
|  11|0x0000000080b00000, 0x0000000080c00000, 0x0000000080c00000|100%| O|  |TAMS 0x0000000080c00000, 0x0000000080b00000| Untracked 
|  12|0x0000000080c00000, 0x0000000080d00000, 0x0000000080d00000|100%| O|  |TAMS 0x0000000080d00000, 0x0000000080c00000| Untracked 
|  13|0x0000000080d00000, 0x0000000080e00000, 0x0000000080e00000|100%| O|  |TAMS 0x0000000080e00000, 0x0000000080d00000| Untracked 
|  14|0x0000000080e00000, 0x0000000080f00000, 0x0000000080f00000|100%| O|  |TAMS 0x0000000080f00000, 0x0000000080e00000| Untracked 
|  15|0x0000000080f00000, 0x0000000081000000, 0x0000000081000000|100%| O|  |TAMS 0x0000000081000000, 0x0000000080f00000| Untracked 
|  16|0x0000000081000000, 0x0000000081100000, 0x0000000081100000|100%| O|  |TAMS 0x0000000081100000, 0x0000000081000000| Untracked 
|  17|0x0000000081100000, 0x0000000081200000, 0x0000000081200000|100%| O|  |TAMS 0x0000000081200000, 0x0000000081100000| Untracked 
|  18|0x0000000081200000, 0x0000000081300000, 0x0000000081300000|100%| O|  |TAMS 0x0000000081300000, 0x0000000081200000| Untracked 
|  19|0x0000000081300000, 0x0000000081400000, 0x0000000081400000|100%| O|  |TAMS 0x0000000081400000, 0x0000000081300000| Untracked 
|  20|0x0000000081400000, 0x0000000081500000, 0x0000000081500000|100%| O|  |TAMS 0x0000000081500000, 0x0000000081400000| Untracked 
|  21|0x0000000081500000, 0x0000000081600000, 0x0000000081600000|100%| O|  |TAMS 0x0000000081600000, 0x0000000081500000| Untracked 
|  22|0x0000000081600000, 0x0000000081700000, 0x0000000081700000|100%| O|  |TAMS 0x0000000081700000, 0x0000000081600000| Untracked 
|  23|0x0000000081700000, 0x0000000081800000, 0x0000000081800000|100%| O|  |TAMS 0x0000000081800000, 0x0000000081700000| Untracked 
|  24|0x0000000081800000, 0x0000000081900000, 0x0000000081900000|100%| O|  |TAMS 0x0000000081900000, 0x0000000081800000| Untracked 
|  25|0x0000000081900000, 0x0000000081a00000, 0x0000000081a00000|100%| O|  |TAMS 0x0000000081a00000, 0x0000000081900000| Untracked 
|  26|0x0000000081a00000, 0x0000000081b00000, 0x0000000081b00000|100%|HS|  |TAMS 0x0000000081b00000, 0x0000000081a00000| Complete 
|  27|0x0000000081b00000, 0x0000000081c00000, 0x0000000081c00000|100%|HS|  |TAMS 0x0000000081c00000, 0x0000000081b00000| Complete 
|  28|0x0000000081c00000, 0x0000000081d00000, 0x0000000081d00000|100%|HS|  |TAMS 0x0000000081d00000, 0x0000000081c00000| Complete 
|  29|0x0000000081d00000, 0x0000000081e00000, 0x0000000081e00000|100%|HC|  |TAMS 0x0000000081e00000, 0x0000000081d00000| Complete 
|  30|0x0000000081e00000, 0x0000000081f00000, 0x0000000081f00000|100%| O|  |TAMS 0x0000000081f00000, 0x0000000081e00000| Untracked 
|  31|0x0000000081f00000, 0x0000000082000000, 0x0000000082000000|100%| O|  |TAMS 0x0000000082000000, 0x0000000081f00000| Untracked 
|  32|0x0000000082000000, 0x0000000082100000, 0x0000000082100000|100%| O|  |TAMS 0x0000000082100000, 0x0000000082000000| Untracked 
|  33|0x0000000082100000, 0x0000000082200000, 0x0000000082200000|100%| O|  |TAMS 0x0000000082200000, 0x0000000082100000| Untracked 
|  34|0x0000000082200000, 0x0000000082300000, 0x0000000082300000|100%| O|  |TAMS 0x0000000082300000, 0x0000000082200000| Untracked 
|  35|0x0000000082300000, 0x0000000082400000, 0x0000000082400000|100%| O|  |TAMS 0x0000000082400000, 0x0000000082300000| Untracked 
|  36|0x0000000082400000, 0x0000000082500000, 0x0000000082500000|100%| O|  |TAMS 0x0000000082500000, 0x0000000082400000| Untracked 
|  37|0x0000000082500000, 0x0000000082600000, 0x0000000082600000|100%| O|  |TAMS 0x0000000082600000, 0x0000000082500000| Untracked 
|  38|0x0000000082600000, 0x0000000082700000, 0x0000000082700000|100%| O|  |TAMS 0x0000000082700000, 0x0000000082600000| Untracked 
|  39|0x0000000082700000, 0x0000000082800000, 0x0000000082800000|100%| O|  |TAMS 0x0000000082800000, 0x0000000082700000| Untracked 
|  40|0x0000000082800000, 0x0000000082900000, 0x0000000082900000|100%| O|  |TAMS 0x0000000082900000, 0x0000000082800000| Untracked 
|  41|0x0000000082900000, 0x0000000082a00000, 0x0000000082a00000|100%| O|  |TAMS 0x0000000082a00000, 0x0000000082900000| Untracked 
|  42|0x0000000082a00000, 0x0000000082b00000, 0x0000000082b00000|100%| O|  |TAMS 0x0000000082b00000, 0x0000000082a00000| Untracked 
|  43|0x0000000082b00000, 0x0000000082c00000, 0x0000000082c00000|100%| O|  |TAMS 0x0000000082c00000, 0x0000000082b00000| Untracked 
|  44|0x0000000082c00000, 0x0000000082d00000, 0x0000000082d00000|100%| O|  |TAMS 0x0000000082d00000, 0x0000000082c00000| Untracked 
|  45|0x0000000082d00000, 0x0000000082e00000, 0x0000000082e00000|100%| O|  |TAMS 0x0000000082e00000, 0x0000000082d00000| Untracked 
|  46|0x0000000082e00000, 0x0000000082f00000, 0x0000000082f00000|100%| O|  |TAMS 0x0000000082f00000, 0x0000000082e00000| Untracked 
|  47|0x0000000082f00000, 0x0000000083000000, 0x0000000083000000|100%| O|  |TAMS 0x0000000083000000, 0x0000000082f00000| Untracked 
|  48|0x0000000083000000, 0x0000000083100000, 0x0000000083100000|100%| O|  |TAMS 0x0000000083100000, 0x0000000083000000| Untracked 
|  49|0x0000000083100000, 0x0000000083200000, 0x0000000083200000|100%| O|  |TAMS 0x0000000083200000, 0x0000000083100000| Untracked 
|  50|0x0000000083200000, 0x0000000083300000, 0x0000000083300000|100%| O|  |TAMS 0x0000000083300000, 0x0000000083200000| Untracked 
|  51|0x0000000083300000, 0x0000000083400000, 0x0000000083400000|100%| O|  |TAMS 0x0000000083400000, 0x0000000083300000| Untracked 
|  52|0x0000000083400000, 0x0000000083500000, 0x0000000083500000|100%| O|  |TAMS 0x0000000083500000, 0x0000000083400000| Untracked 
|  53|0x0000000083500000, 0x0000000083600000, 0x0000000083600000|100%| O|  |TAMS 0x0000000083600000, 0x0000000083500000| Untracked 
|  54|0x0000000083600000, 0x0000000083700000, 0x0000000083700000|100%| O|  |TAMS 0x0000000083700000, 0x0000000083600000| Untracked 
|  55|0x0000000083700000, 0x0000000083800000, 0x0000000083800000|100%| O|  |TAMS 0x0000000083800000, 0x0000000083700000| Untracked 
|  56|0x0000000083800000, 0x0000000083900000, 0x0000000083900000|100%| O|  |TAMS 0x0000000083900000, 0x0000000083800000| Untracked 
|  57|0x0000000083900000, 0x0000000083a00000, 0x0000000083a00000|100%| O|  |TAMS 0x0000000083a00000, 0x0000000083900000| Untracked 
|  58|0x0000000083a00000, 0x0000000083b00000, 0x0000000083b00000|100%| O|  |TAMS 0x0000000083b00000, 0x0000000083a00000| Untracked 
|  59|0x0000000083b00000, 0x0000000083c00000, 0x0000000083c00000|100%| O|  |TAMS 0x0000000083c00000, 0x0000000083b00000| Untracked 
|  60|0x0000000083c00000, 0x0000000083d00000, 0x0000000083d00000|100%| O|  |TAMS 0x0000000083d00000, 0x0000000083c00000| Untracked 
|  61|0x0000000083d00000, 0x0000000083e00000, 0x0000000083e00000|100%| O|  |TAMS 0x0000000083e00000, 0x0000000083d00000| Untracked 
|  62|0x0000000083e00000, 0x0000000083f00000, 0x0000000083f00000|100%| O|  |TAMS 0x0000000083f00000, 0x0000000083e00000| Untracked 
|  63|0x0000000083f00000, 0x0000000084000000, 0x0000000084000000|100%| O|  |TAMS 0x0000000084000000, 0x0000000083f00000| Untracked 
|  64|0x0000000084000000, 0x0000000084100000, 0x0000000084100000|100%| O|  |TAMS 0x0000000084100000, 0x0000000084000000| Untracked 
|  65|0x0000000084100000, 0x0000000084200000, 0x0000000084200000|100%| O|  |TAMS 0x0000000084200000, 0x0000000084100000| Untracked 
|  66|0x0000000084200000, 0x0000000084300000, 0x0000000084300000|100%| O|  |TAMS 0x0000000084300000, 0x0000000084200000| Untracked 
|  67|0x0000000084300000, 0x0000000084400000, 0x0000000084400000|100%| O|  |TAMS 0x0000000084400000, 0x0000000084300000| Untracked 
|  68|0x0000000084400000, 0x0000000084500000, 0x0000000084500000|100%|HS|  |TAMS 0x0000000084500000, 0x0000000084400000| Complete 
|  69|0x0000000084500000, 0x0000000084600000, 0x0000000084600000|100%|HC|  |TAMS 0x0000000084600000, 0x0000000084500000| Complete 
|  70|0x0000000084600000, 0x0000000084700000, 0x0000000084700000|100%| O|  |TAMS 0x0000000084700000, 0x0000000084600000| Untracked 
|  71|0x0000000084700000, 0x0000000084800000, 0x0000000084800000|100%| O|  |TAMS 0x0000000084800000, 0x0000000084700000| Untracked 
|  72|0x0000000084800000, 0x0000000084900000, 0x0000000084900000|100%| O|  |TAMS 0x0000000084900000, 0x0000000084800000| Untracked 
|  73|0x0000000084900000, 0x0000000084a00000, 0x0000000084a00000|100%| O|  |TAMS 0x0000000084a00000, 0x0000000084900000| Untracked 
|  74|0x0000000084a00000, 0x0000000084b00000, 0x0000000084b00000|100%| O|  |TAMS 0x0000000084b00000, 0x0000000084a00000| Untracked 
|  75|0x0000000084b00000, 0x0000000084c00000, 0x0000000084c00000|100%| O|  |TAMS 0x0000000084c00000, 0x0000000084b00000| Untracked 
|  76|0x0000000084c00000, 0x0000000084d00000, 0x0000000084d00000|100%| O|  |TAMS 0x0000000084d00000, 0x0000000084c00000| Untracked 
|  77|0x0000000084d00000, 0x0000000084e00000, 0x0000000084e00000|100%| O|  |TAMS 0x0000000084e00000, 0x0000000084d00000| Untracked 
|  78|0x0000000084e00000, 0x0000000084f00000, 0x0000000084f00000|100%| O|  |TAMS 0x0000000084f00000, 0x0000000084e00000| Untracked 
|  79|0x0000000084f00000, 0x0000000085000000, 0x0000000085000000|100%| O|  |TAMS 0x0000000085000000, 0x0000000084f00000| Untracked 
|  80|0x0000000085000000, 0x0000000085100000, 0x0000000085100000|100%| O|  |TAMS 0x0000000085100000, 0x0000000085000000| Untracked 
|  81|0x0000000085100000, 0x0000000085200000, 0x0000000085200000|100%| O|  |TAMS 0x0000000085200000, 0x0000000085100000| Untracked 
|  82|0x0000000085200000, 0x0000000085300000, 0x0000000085300000|100%| O|  |TAMS 0x0000000085300000, 0x0000000085200000| Untracked 
|  83|0x0000000085300000, 0x0000000085400000, 0x0000000085400000|100%| O|  |TAMS 0x0000000085400000, 0x0000000085300000| Untracked 
|  84|0x0000000085400000, 0x0000000085500000, 0x0000000085500000|100%| O|  |TAMS 0x0000000085500000, 0x0000000085400000| Untracked 
|  85|0x0000000085500000, 0x0000000085600000, 0x0000000085600000|100%| O|  |TAMS 0x0000000085600000, 0x0000000085500000| Untracked 
|  86|0x0000000085600000, 0x0000000085700000, 0x0000000085700000|100%| O|  |TAMS 0x0000000085700000, 0x0000000085600000| Untracked 
|  87|0x0000000085700000, 0x0000000085800000, 0x0000000085800000|100%| O|  |TAMS 0x0000000085800000, 0x0000000085700000| Untracked 
|  88|0x0000000085800000, 0x0000000085900000, 0x0000000085900000|100%| O|  |TAMS 0x0000000085900000, 0x0000000085800000| Untracked 
|  89|0x0000000085900000, 0x0000000085a00000, 0x0000000085a00000|100%| O|  |TAMS 0x0000000085a00000, 0x0000000085900000| Untracked 
|  90|0x0000000085a00000, 0x0000000085b00000, 0x0000000085b00000|100%| O|  |TAMS 0x0000000085b00000, 0x0000000085a00000| Untracked 
|  91|0x0000000085b00000, 0x0000000085c00000, 0x0000000085c00000|100%| O|  |TAMS 0x0000000085c00000, 0x0000000085b00000| Untracked 
|  92|0x0000000085c00000, 0x0000000085d00000, 0x0000000085d00000|100%| O|  |TAMS 0x0000000085d00000, 0x0000000085c00000| Untracked 
|  93|0x0000000085d00000, 0x0000000085e00000, 0x0000000085e00000|100%| O|  |TAMS 0x0000000085e00000, 0x0000000085d00000| Untracked 
|  94|0x0000000085e00000, 0x0000000085f00000, 0x0000000085f00000|100%| O|  |TAMS 0x0000000085f00000, 0x0000000085e00000| Untracked 
|  95|0x0000000085f00000, 0x0000000086000000, 0x0000000086000000|100%| O|  |TAMS 0x0000000086000000, 0x0000000085f00000| Untracked 
|  96|0x0000000086000000, 0x0000000086100000, 0x0000000086100000|100%| O|  |TAMS 0x0000000086100000, 0x0000000086000000| Untracked 
|  97|0x0000000086100000, 0x0000000086200000, 0x0000000086200000|100%| O|  |TAMS 0x0000000086200000, 0x0000000086100000| Untracked 
|  98|0x0000000086200000, 0x0000000086300000, 0x0000000086300000|100%| O|  |TAMS 0x0000000086300000, 0x0000000086200000| Untracked 
|  99|0x0000000086300000, 0x0000000086400000, 0x0000000086400000|100%| O|  |TAMS 0x0000000086400000, 0x0000000086300000| Untracked 
| 100|0x0000000086400000, 0x0000000086500000, 0x0000000086500000|100%| O|  |TAMS 0x0000000086500000, 0x0000000086400000| Untracked 
| 101|0x0000000086500000, 0x0000000086600000, 0x0000000086600000|100%| O|  |TAMS 0x0000000086600000, 0x0000000086500000| Untracked 
| 102|0x0000000086600000, 0x0000000086700000, 0x0000000086700000|100%| O|  |TAMS 0x0000000086700000, 0x0000000086600000| Untracked 
| 103|0x0000000086700000, 0x0000000086800000, 0x0000000086800000|100%| O|  |TAMS 0x0000000086800000, 0x0000000086700000| Untracked 
| 104|0x0000000086800000, 0x0000000086900000, 0x0000000086900000|100%| O|  |TAMS 0x0000000086900000, 0x0000000086800000| Untracked 
| 105|0x0000000086900000, 0x0000000086a00000, 0x0000000086a00000|100%| O|  |TAMS 0x0000000086a00000, 0x0000000086900000| Untracked 
| 106|0x0000000086a00000, 0x0000000086b00000, 0x0000000086b00000|100%| O|  |TAMS 0x0000000086b00000, 0x0000000086a00000| Untracked 
| 107|0x0000000086b00000, 0x0000000086c00000, 0x0000000086c00000|100%| O|  |TAMS 0x0000000086c00000, 0x0000000086b00000| Untracked 
| 108|0x0000000086c00000, 0x0000000086d00000, 0x0000000086d00000|100%| O|  |TAMS 0x0000000086c80000, 0x0000000086c00000| Untracked 
| 109|0x0000000086d00000, 0x0000000086e00000, 0x0000000086e00000|100%| O|  |TAMS 0x0000000086d00000, 0x0000000086d00000| Untracked 
| 110|0x0000000086e00000, 0x0000000086f00000, 0x0000000086f00000|100%| O|  |TAMS 0x0000000086e00000, 0x0000000086e00000| Untracked 
| 111|0x0000000086f00000, 0x0000000087000000, 0x0000000087000000|100%| O|  |TAMS 0x0000000086f00000, 0x0000000086f00000| Untracked 
| 112|0x0000000087000000, 0x0000000087100000, 0x0000000087100000|100%| O|  |TAMS 0x0000000087000000, 0x0000000087000000| Untracked 
| 113|0x0000000087100000, 0x0000000087200000, 0x0000000087200000|100%| O|  |TAMS 0x0000000087100000, 0x0000000087100000| Untracked 
| 114|0x0000000087200000, 0x0000000087300000, 0x0000000087300000|100%| O|  |TAMS 0x0000000087200000, 0x0000000087200000| Untracked 
| 115|0x0000000087300000, 0x0000000087400000, 0x0000000087400000|100%| O|  |TAMS 0x0000000087300000, 0x0000000087300000| Untracked 
| 116|0x0000000087400000, 0x000000008747b200, 0x0000000087500000| 48%| O|  |TAMS 0x0000000087400000, 0x0000000087400000| Untracked 
| 117|0x0000000087500000, 0x0000000087500000, 0x0000000087600000|  0%| F|  |TAMS 0x0000000087500000, 0x0000000087500000| Untracked 
| 118|0x0000000087600000, 0x0000000087600000, 0x0000000087700000|  0%| F|  |TAMS 0x0000000087600000, 0x0000000087600000| Untracked 
| 119|0x0000000087700000, 0x0000000087700000, 0x0000000087800000|  0%| F|  |TAMS 0x0000000087700000, 0x0000000087700000| Untracked 
| 120|0x0000000087800000, 0x0000000087800000, 0x0000000087900000|  0%| F|  |TAMS 0x0000000087800000, 0x0000000087800000| Untracked 
| 121|0x0000000087900000, 0x0000000087900000, 0x0000000087a00000|  0%| F|  |TAMS 0x0000000087900000, 0x0000000087900000| Untracked 
| 122|0x0000000087a00000, 0x0000000087a00000, 0x0000000087b00000|  0%| F|  |TAMS 0x0000000087a00000, 0x0000000087a00000| Untracked 
| 123|0x0000000087b00000, 0x0000000087b00000, 0x0000000087c00000|  0%| F|  |TAMS 0x0000000087b00000, 0x0000000087b00000| Untracked 
| 124|0x0000000087c00000, 0x0000000087c00000, 0x0000000087d00000|  0%| F|  |TAMS 0x0000000087c00000, 0x0000000087c00000| Untracked 
| 125|0x0000000087d00000, 0x0000000087d00000, 0x0000000087e00000|  0%| F|  |TAMS 0x0000000087d00000, 0x0000000087d00000| Untracked 
| 126|0x0000000087e00000, 0x0000000087e00000, 0x0000000087f00000|  0%| F|  |TAMS 0x0000000087e00000, 0x0000000087e00000| Untracked 
| 127|0x0000000087f00000, 0x0000000087f00000, 0x0000000088000000|  0%| F|  |TAMS 0x0000000087f00000, 0x0000000087f00000| Untracked 
| 128|0x0000000088000000, 0x0000000088000000, 0x0000000088100000|  0%| F|  |TAMS 0x0000000088000000, 0x0000000088000000| Untracked 
| 129|0x0000000088100000, 0x0000000088100000, 0x0000000088200000|  0%| F|  |TAMS 0x0000000088100000, 0x0000000088100000| Untracked 
| 130|0x0000000088200000, 0x0000000088200000, 0x0000000088300000|  0%| F|  |TAMS 0x0000000088200000, 0x0000000088200000| Untracked 
| 131|0x0000000088300000, 0x0000000088300000, 0x0000000088400000|  0%| F|  |TAMS 0x0000000088300000, 0x0000000088300000| Untracked 
| 132|0x0000000088400000, 0x0000000088400000, 0x0000000088500000|  0%| F|  |TAMS 0x0000000088400000, 0x0000000088400000| Untracked 
| 133|0x0000000088500000, 0x0000000088500000, 0x0000000088600000|  0%| F|  |TAMS 0x0000000088500000, 0x0000000088500000| Untracked 
| 134|0x0000000088600000, 0x0000000088600000, 0x0000000088700000|  0%| F|  |TAMS 0x0000000088600000, 0x0000000088600000| Untracked 
| 135|0x0000000088700000, 0x0000000088700000, 0x0000000088800000|  0%| F|  |TAMS 0x0000000088700000, 0x0000000088700000| Untracked 
| 136|0x0000000088800000, 0x0000000088800000, 0x0000000088900000|  0%| F|  |TAMS 0x0000000088800000, 0x0000000088800000| Untracked 
| 137|0x0000000088900000, 0x0000000088900000, 0x0000000088a00000|  0%| F|  |TAMS 0x0000000088900000, 0x0000000088900000| Untracked 
| 138|0x0000000088a00000, 0x0000000088a00000, 0x0000000088b00000|  0%| F|  |TAMS 0x0000000088a00000, 0x0000000088a00000| Untracked 
| 139|0x0000000088b00000, 0x0000000088b00000, 0x0000000088c00000|  0%| F|  |TAMS 0x0000000088b00000, 0x0000000088b00000| Untracked 
| 140|0x0000000088c00000, 0x0000000088c00000, 0x0000000088d00000|  0%| F|  |TAMS 0x0000000088c00000, 0x0000000088c00000| Untracked 
| 141|0x0000000088d00000, 0x0000000088d00000, 0x0000000088e00000|  0%| F|  |TAMS 0x0000000088d00000, 0x0000000088d00000| Untracked 
| 142|0x0000000088e00000, 0x0000000088e00000, 0x0000000088f00000|  0%| F|  |TAMS 0x0000000088e00000, 0x0000000088e00000| Untracked 
| 143|0x0000000088f00000, 0x0000000088f00000, 0x0000000089000000|  0%| F|  |TAMS 0x0000000088f00000, 0x0000000088f00000| Untracked 
| 144|0x0000000089000000, 0x0000000089000000, 0x0000000089100000|  0%| F|  |TAMS 0x0000000089000000, 0x0000000089000000| Untracked 
| 145|0x0000000089100000, 0x0000000089100000, 0x0000000089200000|  0%| F|  |TAMS 0x0000000089100000, 0x0000000089100000| Untracked 
| 146|0x0000000089200000, 0x0000000089200000, 0x0000000089300000|  0%| F|  |TAMS 0x0000000089200000, 0x0000000089200000| Untracked 
| 147|0x0000000089300000, 0x0000000089300000, 0x0000000089400000|  0%| F|  |TAMS 0x0000000089300000, 0x0000000089300000| Untracked 
| 148|0x0000000089400000, 0x0000000089400000, 0x0000000089500000|  0%| F|  |TAMS 0x0000000089400000, 0x0000000089400000| Untracked 
| 149|0x0000000089500000, 0x0000000089500000, 0x0000000089600000|  0%| F|  |TAMS 0x0000000089500000, 0x0000000089500000| Untracked 
| 150|0x0000000089600000, 0x0000000089600000, 0x0000000089700000|  0%| F|  |TAMS 0x0000000089600000, 0x0000000089600000| Untracked 
| 151|0x0000000089700000, 0x0000000089700000, 0x0000000089800000|  0%| F|  |TAMS 0x0000000089700000, 0x0000000089700000| Untracked 
| 152|0x0000000089800000, 0x0000000089800000, 0x0000000089900000|  0%| F|  |TAMS 0x0000000089800000, 0x0000000089800000| Untracked 
| 153|0x0000000089900000, 0x0000000089900000, 0x0000000089a00000|  0%| F|  |TAMS 0x0000000089900000, 0x0000000089900000| Untracked 
| 154|0x0000000089a00000, 0x0000000089a650d0, 0x0000000089b00000| 39%| S|CS|TAMS 0x0000000089a00000, 0x0000000089a00000| Complete 
| 155|0x0000000089b00000, 0x0000000089c00000, 0x0000000089c00000|100%| S|CS|TAMS 0x0000000089b00000, 0x0000000089b00000| Complete 
| 156|0x0000000089c00000, 0x0000000089d00000, 0x0000000089d00000|100%| S|CS|TAMS 0x0000000089c00000, 0x0000000089c00000| Complete 
| 157|0x0000000089d00000, 0x0000000089e00000, 0x0000000089e00000|100%| S|CS|TAMS 0x0000000089d00000, 0x0000000089d00000| Complete 
| 158|0x0000000089e00000, 0x0000000089e00000, 0x0000000089f00000|  0%| F|  |TAMS 0x0000000089e00000, 0x0000000089e00000| Untracked 
| 159|0x0000000089f00000, 0x0000000089f00000, 0x000000008a000000|  0%| F|  |TAMS 0x0000000089f00000, 0x0000000089f00000| Untracked 
| 160|0x000000008a000000, 0x000000008a000000, 0x000000008a100000|  0%| F|  |TAMS 0x000000008a000000, 0x000000008a000000| Untracked 
| 161|0x000000008a100000, 0x000000008a100000, 0x000000008a200000|  0%| F|  |TAMS 0x000000008a100000, 0x000000008a100000| Untracked 
| 162|0x000000008a200000, 0x000000008a200000, 0x000000008a300000|  0%| F|  |TAMS 0x000000008a200000, 0x000000008a200000| Untracked 
| 163|0x000000008a300000, 0x000000008a300000, 0x000000008a400000|  0%| F|  |TAMS 0x000000008a300000, 0x000000008a300000| Untracked 
| 164|0x000000008a400000, 0x000000008a400000, 0x000000008a500000|  0%| F|  |TAMS 0x000000008a400000, 0x000000008a400000| Untracked 
| 165|0x000000008a500000, 0x000000008a500000, 0x000000008a600000|  0%| F|  |TAMS 0x000000008a500000, 0x000000008a500000| Untracked 
| 166|0x000000008a600000, 0x000000008a600000, 0x000000008a700000|  0%| F|  |TAMS 0x000000008a600000, 0x000000008a600000| Untracked 
| 167|0x000000008a700000, 0x000000008a700000, 0x000000008a800000|  0%| F|  |TAMS 0x000000008a700000, 0x000000008a700000| Untracked 
| 168|0x000000008a800000, 0x000000008a800000, 0x000000008a900000|  0%| F|  |TAMS 0x000000008a800000, 0x000000008a800000| Untracked 
| 169|0x000000008a900000, 0x000000008a900000, 0x000000008aa00000|  0%| F|  |TAMS 0x000000008a900000, 0x000000008a900000| Untracked 
| 170|0x000000008aa00000, 0x000000008aa00000, 0x000000008ab00000|  0%| F|  |TAMS 0x000000008aa00000, 0x000000008aa00000| Untracked 
| 171|0x000000008ab00000, 0x000000008ab00000, 0x000000008ac00000|  0%| F|  |TAMS 0x000000008ab00000, 0x000000008ab00000| Untracked 
| 172|0x000000008ac00000, 0x000000008ac00000, 0x000000008ad00000|  0%| F|  |TAMS 0x000000008ac00000, 0x000000008ac00000| Untracked 
| 173|0x000000008ad00000, 0x000000008ad00000, 0x000000008ae00000|  0%| F|  |TAMS 0x000000008ad00000, 0x000000008ad00000| Untracked 
| 174|0x000000008ae00000, 0x000000008ae00000, 0x000000008af00000|  0%| F|  |TAMS 0x000000008ae00000, 0x000000008ae00000| Untracked 
| 175|0x000000008af00000, 0x000000008af00000, 0x000000008b000000|  0%| F|  |TAMS 0x000000008af00000, 0x000000008af00000| Untracked 
| 176|0x000000008b000000, 0x000000008b000000, 0x000000008b100000|  0%| F|  |TAMS 0x000000008b000000, 0x000000008b000000| Untracked 
| 177|0x000000008b100000, 0x000000008b100000, 0x000000008b200000|  0%| F|  |TAMS 0x000000008b100000, 0x000000008b100000| Untracked 
| 178|0x000000008b200000, 0x000000008b200000, 0x000000008b300000|  0%| F|  |TAMS 0x000000008b200000, 0x000000008b200000| Untracked 
| 179|0x000000008b300000, 0x000000008b300000, 0x000000008b400000|  0%| F|  |TAMS 0x000000008b300000, 0x000000008b300000| Untracked 
| 180|0x000000008b400000, 0x000000008b400000, 0x000000008b500000|  0%| F|  |TAMS 0x000000008b400000, 0x000000008b400000| Untracked 
| 181|0x000000008b500000, 0x000000008b500000, 0x000000008b600000|  0%| F|  |TAMS 0x000000008b500000, 0x000000008b500000| Untracked 
| 182|0x000000008b600000, 0x000000008b600000, 0x000000008b700000|  0%| F|  |TAMS 0x000000008b600000, 0x000000008b600000| Untracked 
| 183|0x000000008b700000, 0x000000008b700000, 0x000000008b800000|  0%| F|  |TAMS 0x000000008b700000, 0x000000008b700000| Untracked 
| 184|0x000000008b800000, 0x000000008b800000, 0x000000008b900000|  0%| F|  |TAMS 0x000000008b800000, 0x000000008b800000| Untracked 
| 185|0x000000008b900000, 0x000000008b900000, 0x000000008ba00000|  0%| F|  |TAMS 0x000000008b900000, 0x000000008b900000| Untracked 
| 186|0x000000008ba00000, 0x000000008ba00000, 0x000000008bb00000|  0%| F|  |TAMS 0x000000008ba00000, 0x000000008ba00000| Untracked 
| 187|0x000000008bb00000, 0x000000008bb00000, 0x000000008bc00000|  0%| F|  |TAMS 0x000000008bb00000, 0x000000008bb00000| Untracked 
| 188|0x000000008bc00000, 0x000000008bc00000, 0x000000008bd00000|  0%| F|  |TAMS 0x000000008bc00000, 0x000000008bc00000| Untracked 
| 189|0x000000008bd00000, 0x000000008bd00000, 0x000000008be00000|  0%| F|  |TAMS 0x000000008bd00000, 0x000000008bd00000| Untracked 
| 190|0x000000008be00000, 0x000000008be00000, 0x000000008bf00000|  0%| F|  |TAMS 0x000000008be00000, 0x000000008be00000| Untracked 
| 191|0x000000008bf00000, 0x000000008bf00000, 0x000000008c000000|  0%| F|  |TAMS 0x000000008bf00000, 0x000000008bf00000| Untracked 
| 192|0x000000008c000000, 0x000000008c000000, 0x000000008c100000|  0%| F|  |TAMS 0x000000008c000000, 0x000000008c000000| Untracked 
| 193|0x000000008c100000, 0x000000008c100000, 0x000000008c200000|  0%| F|  |TAMS 0x000000008c100000, 0x000000008c100000| Untracked 
| 194|0x000000008c200000, 0x000000008c200000, 0x000000008c300000|  0%| F|  |TAMS 0x000000008c200000, 0x000000008c200000| Untracked 
| 195|0x000000008c300000, 0x000000008c300000, 0x000000008c400000|  0%| F|  |TAMS 0x000000008c300000, 0x000000008c300000| Untracked 
| 196|0x000000008c400000, 0x000000008c400000, 0x000000008c500000|  0%| F|  |TAMS 0x000000008c400000, 0x000000008c400000| Untracked 
| 197|0x000000008c500000, 0x000000008c500000, 0x000000008c600000|  0%| F|  |TAMS 0x000000008c500000, 0x000000008c500000| Untracked 
| 198|0x000000008c600000, 0x000000008c600000, 0x000000008c700000|  0%| F|  |TAMS 0x000000008c600000, 0x000000008c600000| Untracked 
| 199|0x000000008c700000, 0x000000008c700000, 0x000000008c800000|  0%| F|  |TAMS 0x000000008c700000, 0x000000008c700000| Untracked 
| 200|0x000000008c800000, 0x000000008c800000, 0x000000008c900000|  0%| F|  |TAMS 0x000000008c800000, 0x000000008c800000| Untracked 
| 201|0x000000008c900000, 0x000000008c900000, 0x000000008ca00000|  0%| F|  |TAMS 0x000000008c900000, 0x000000008c900000| Untracked 

Card table byte_map: [0x00000250a1ce0000,0x00000250a20e0000] _byte_map_base: 0x00000250a18e0000

Marking Bits (Prev, Next): (CMBitMap*) 0x000002508ee2fac0, (CMBitMap*) 0x000002508ee2fa88
 Prev Bits: [0x00000250a44e0000, 0x00000250a64e0000)
 Next Bits: [0x00000250a24e0000, 0x00000250a44e0000)

Polling page: 0x000002508cdd0000

Metaspace:

Usage:
  Non-class:     81.52 MB capacity,    80.05 MB ( 98%) used,     1.17 MB (  1%) free+waste,   300.81 KB ( <1%) overhead. 
      Class:     13.18 MB capacity,    12.18 MB ( 92%) used,   878.56 KB (  7%) free+waste,   144.25 KB (  1%) overhead. 
       Both:     94.70 MB capacity,    92.23 MB ( 97%) used,     2.03 MB (  2%) free+waste,   445.06 KB ( <1%) overhead. 

Virtual space:
  Non-class space:       82.00 MB reserved,      81.75 MB (>99%) committed 
      Class space:        1.00 GB reserved,      13.25 MB (  1%) committed 
             Both:        1.08 GB reserved,      95.00 MB (  9%) committed 

Chunk freelists:
   Non-Class:  47.00 KB
       Class:  41.00 KB
        Both:  88.00 KB

MaxMetaspaceSize: 17179869184.00 GB
CompressedClassSpaceSize: 1.00 GB

CodeHeap 'non-profiled nmethods': size=120064Kb used=6192Kb max_used=6192Kb free=113871Kb
 bounds [0x000002509a3a0000, 0x000002509a9b0000, 0x00000250a18e0000]
CodeHeap 'profiled nmethods': size=120000Kb used=24037Kb max_used=24037Kb free=95962Kb
 bounds [0x0000025092e70000, 0x00000250945f0000, 0x000002509a3a0000]
CodeHeap 'non-nmethods': size=5696Kb used=2301Kb max_used=2357Kb free=3394Kb
 bounds [0x00000250928e0000, 0x0000025092b50000, 0x0000025092e70000]
 total_blobs=12244 nmethods=11335 adapters=818
 compilation: enabled
              stopped_count=0, restarted_count=0
 full_count=0

Compilation events (20 events):
Event: 15.071 Thread 0x00000250a89ca800 nmethod 11457 0x00000250945e6010 code [0x00000250945e61c0, 0x00000250945e6308]
Event: 15.071 Thread 0x00000250a89ca800 11452       2       com.android.tools.r8.internal.A4::i (2 bytes)
Event: 15.071 Thread 0x00000250a89ca800 nmethod 11452 0x00000250945e6390 code [0x00000250945e6540, 0x00000250945e6638]
Event: 15.071 Thread 0x00000250a89ca800 11455       2       com.android.tools.r8.internal.A4::a (1 bytes)
Event: 15.071 Thread 0x00000250a89ca800 nmethod 11455 0x00000250945e6710 code [0x00000250945e68c0, 0x00000250945e69b8]
Event: 15.071 Thread 0x00000250a89ca800 11451       2       com.android.tools.r8.internal.x4::w (16 bytes)
Event: 15.071 Thread 0x00000250a89ca800 nmethod 11451 0x00000250945e6a90 code [0x00000250945e6c40, 0x00000250945e6d58]
Event: 15.071 Thread 0x00000250a89ca800 11453       2       com.android.tools.r8.internal.x4::a (107 bytes)
Event: 15.072 Thread 0x00000250a89ca800 nmethod 11453 0x00000250945e6e10 code [0x00000250945e7040, 0x00000250945e7638]
Event: 15.072 Thread 0x00000250a89ca800 11463       2       com.android.tools.r8.internal.j2$$Lambda$1547/0x0000000100bbbc40::test (12 bytes)
Event: 15.072 Thread 0x00000250a89ca800 nmethod 11463 0x00000250945e7b90 code [0x00000250945e7d40, 0x00000250945e7e98]
Event: 15.072 Thread 0x00000250a89ca800 11464       2       com.android.tools.r8.internal.j2::a (11 bytes)
Event: 15.072 Thread 0x00000250a89ca800 nmethod 11464 0x00000250945e7f90 code [0x00000250945e8140, 0x00000250945e8238]
Event: 15.072 Thread 0x00000250a89ca800 11465       2       com.android.tools.r8.internal.d5::b (9 bytes)
Event: 15.072 Thread 0x00000250a89ca800 nmethod 11465 0x00000250945e8310 code [0x00000250945e84c0, 0x00000250945e85e8]
Event: 15.072 Thread 0x00000250a89ca800 11461       2       com.android.tools.r8.internal.B4::a (44 bytes)
Event: 15.072 Thread 0x00000250a89ca800 nmethod 11461 0x00000250945e8690 code [0x00000250945e88c0, 0x00000250945e8ce8]
Event: 15.072 Thread 0x00000250a89ca800 11456       2       com.android.tools.r8.internal.l4$$Lambda$1424/0x0000000100ca2040::test (16 bytes)
Event: 15.072 Thread 0x00000250a89ca800 nmethod 11456 0x00000250945e9090 code [0x00000250945e9240, 0x00000250945e93c8]
Event: 15.072 Thread 0x00000250a89ca800 11458       2       com.android.tools.r8.internal.B4::a (49 bytes)

GC Heap History (20 events):
Event: 8.534 GC heap after
{Heap after GC invocations=17 (full 0):
 garbage-first heap   total 143360K, used 49756K [0x0000000080000000, 0x0000000100000000)
  region size 1024K, 6 young (6144K), 6 survivors (6144K)
 Metaspace       used 63201K, capacity 64770K, committed 65024K, reserved 1105920K
  class space    used 8019K, capacity 8601K, committed 8704K, reserved 1048576K
}
Event: 9.272 GC heap before
{Heap before GC invocations=18 (full 0):
 garbage-first heap   total 143360K, used 101980K [0x0000000080000000, 0x0000000100000000)
  region size 1024K, 57 young (58368K), 6 survivors (6144K)
 Metaspace       used 67471K, capacity 69004K, committed 69376K, reserved 1110016K
  class space    used 8731K, capacity 9350K, committed 9472K, reserved 1048576K
}
Event: 9.282 GC heap after
{Heap after GC invocations=19 (full 0):
 garbage-first heap   total 172032K, used 53814K [0x0000000080000000, 0x0000000100000000)
  region size 1024K, 8 young (8192K), 8 survivors (8192K)
 Metaspace       used 67471K, capacity 69004K, committed 69376K, reserved 1110016K
  class space    used 8731K, capacity 9350K, committed 9472K, reserved 1048576K
}
Event: 10.453 GC heap before
{Heap before GC invocations=19 (full 0):
 garbage-first heap   total 172032K, used 118326K [0x0000000080000000, 0x0000000100000000)
  region size 1024K, 71 young (72704K), 8 survivors (8192K)
 Metaspace       used 74537K, capacity 76289K, committed 76416K, reserved 1116160K
  class space    used 9732K, capacity 10368K, committed 10368K, reserved 1048576K
}
Event: 10.463 GC heap after
{Heap after GC invocations=20 (full 0):
 garbage-first heap   total 172032K, used 58234K [0x0000000080000000, 0x0000000100000000)
  region size 1024K, 9 young (9216K), 9 survivors (9216K)
 Metaspace       used 74537K, capacity 76289K, committed 76416K, reserved 1116160K
  class space    used 9732K, capacity 10368K, committed 10368K, reserved 1048576K
}
Event: 11.436 GC heap before
{Heap before GC invocations=20 (full 0):
 garbage-first heap   total 172032K, used 121722K [0x0000000080000000, 0x0000000100000000)
  region size 1024K, 72 young (73728K), 9 survivors (9216K)
 Metaspace       used 78410K, capacity 80448K, committed 80768K, reserved 1118208K
  class space    used 10277K, capacity 11043K, committed 11136K, reserved 1048576K
}
Event: 11.452 GC heap after
{Heap after GC invocations=21 (full 0):
 garbage-first heap   total 172032K, used 63279K [0x0000000080000000, 0x0000000100000000)
  region size 1024K, 9 young (9216K), 9 survivors (9216K)
 Metaspace       used 78410K, capacity 80448K, committed 80768K, reserved 1118208K
  class space    used 10277K, capacity 11043K, committed 11136K, reserved 1048576K
}
Event: 12.326 GC heap before
{Heap before GC invocations=21 (full 0):
 garbage-first heap   total 172032K, used 126767K [0x0000000080000000, 0x0000000100000000)
  region size 1024K, 72 young (73728K), 9 survivors (9216K)
 Metaspace       used 81119K, capacity 83113K, committed 83328K, reserved 1122304K
  class space    used 10579K, capacity 11344K, committed 11392K, reserved 1048576K
}
Event: 12.338 GC heap after
{Heap after GC invocations=22 (full 0):
 garbage-first heap   total 172032K, used 66335K [0x0000000080000000, 0x0000000100000000)
  region size 1024K, 4 young (4096K), 4 survivors (4096K)
 Metaspace       used 81119K, capacity 83113K, committed 83328K, reserved 1122304K
  class space    used 10579K, capacity 11344K, committed 11392K, reserved 1048576K
}
Event: 12.934 GC heap before
{Heap before GC invocations=22 (full 0):
 garbage-first heap   total 172032K, used 129823K [0x0000000080000000, 0x0000000100000000)
  region size 1024K, 67 young (68608K), 4 survivors (4096K)
 Metaspace       used 83800K, capacity 85793K, committed 85888K, reserved 1124352K
  class space    used 10865K, capacity 11645K, committed 11648K, reserved 1048576K
}
Event: 12.943 GC heap after
{Heap after GC invocations=23 (full 0):
 garbage-first heap   total 206848K, used 69620K [0x0000000080000000, 0x0000000100000000)
  region size 1024K, 7 young (7168K), 7 survivors (7168K)
 Metaspace       used 83800K, capacity 85793K, committed 85888K, reserved 1124352K
  class space    used 10865K, capacity 11645K, committed 11648K, reserved 1048576K
}
Event: 13.425 GC heap before
{Heap before GC invocations=23 (full 0):
 garbage-first heap   total 206848K, used 154612K [0x0000000080000000, 0x0000000100000000)
  region size 1024K, 83 young (84992K), 7 survivors (7168K)
 Metaspace       used 84866K, capacity 86920K, committed 87168K, reserved 1124352K
  class space    used 11017K, capacity 11782K, committed 11904K, reserved 1048576K
}
Event: 13.459 GC heap after
{Heap after GC invocations=24 (full 0):
 garbage-first heap   total 206848K, used 86600K [0x0000000080000000, 0x0000000100000000)
  region size 1024K, 11 young (11264K), 11 survivors (11264K)
 Metaspace       used 84866K, capacity 86920K, committed 87168K, reserved 1124352K
  class space    used 11017K, capacity 11782K, committed 11904K, reserved 1048576K
}
Event: 14.047 GC heap before
{Heap before GC invocations=24 (full 0):
 garbage-first heap   total 206848K, used 156232K [0x0000000080000000, 0x0000000100000000)
  region size 1024K, 80 young (81920K), 11 survivors (11264K)
 Metaspace       used 88120K, capacity 90278K, committed 90368K, reserved 1128448K
  class space    used 11460K, capacity 12268K, committed 12288K, reserved 1048576K
}
Event: 14.069 GC heap after
{Heap after GC invocations=25 (full 0):
 garbage-first heap   total 206848K, used 97280K [0x0000000080000000, 0x0000000100000000)
  region size 1024K, 10 young (10240K), 10 survivors (10240K)
 Metaspace       used 88120K, capacity 90278K, committed 90368K, reserved 1128448K
  class space    used 11460K, capacity 12268K, committed 12288K, reserved 1048576K
}
Event: 14.215 GC heap before
{Heap before GC invocations=25 (full 0):
 garbage-first heap   total 206848K, used 157696K [0x0000000080000000, 0x0000000100000000)
  region size 1024K, 69 young (70656K), 10 survivors (10240K)
 Metaspace       used 89134K, capacity 91406K, committed 91648K, reserved 1128448K
  class space    used 11611K, capacity 12451K, committed 12544K, reserved 1048576K
}
Event: 14.243 GC heap after
{Heap after GC invocations=26 (full 0):
 garbage-first heap   total 206848K, used 110058K [0x0000000080000000, 0x0000000100000000)
  region size 1024K, 9 young (9216K), 9 survivors (9216K)
 Metaspace       used 89134K, capacity 91406K, committed 91648K, reserved 1128448K
  class space    used 11611K, capacity 12451K, committed 12544K, reserved 1048576K
}
Event: 14.409 GC heap before
{Heap before GC invocations=26 (full 0):
 garbage-first heap   total 206848K, used 159210K [0x0000000080000000, 0x0000000100000000)
  region size 1024K, 58 young (59392K), 9 survivors (9216K)
 Metaspace       used 90874K, capacity 93297K, committed 93568K, reserved 1130496K
  class space    used 11907K, capacity 12877K, committed 12928K, reserved 1048576K
}
Event: 14.436 GC heap after
{Heap after GC invocations=27 (full 0):
 garbage-first heap   total 206848K, used 119296K [0x0000000080000000, 0x0000000100000000)
  region size 1024K, 8 young (8192K), 8 survivors (8192K)
 Metaspace       used 90874K, capacity 93297K, committed 93568K, reserved 1130496K
  class space    used 11907K, capacity 12877K, committed 12928K, reserved 1048576K
}
Event: 15.073 GC heap before
{Heap before GC invocations=28 (full 0):
 garbage-first heap   total 206848K, used 163328K [0x0000000080000000, 0x0000000100000000)
  region size 1024K, 52 young (53248K), 8 survivors (8192K)
 Metaspace       used 94445K, capacity 96968K, committed 97280K, reserved 1132544K
  class space    used 12472K, capacity 13495K, committed 13568K, reserved 1048576K
}

Deoptimization events (20 events):
Event: 14.765 Thread 0x00000250ad058800 DEOPT PACKING pc=0x000002509a9441e0 sp=0x000000b061df9970
Event: 14.765 Thread 0x00000250ad058800 DEOPT UNPACKING pc=0x00000250929078af sp=0x000000b061df9920 mode 2
Event: 14.944 Thread 0x00000250ad059000 DEOPT PACKING pc=0x000002509452f563 sp=0x000000b061ef91e0
Event: 14.944 Thread 0x00000250ad059000 DEOPT UNPACKING pc=0x00000250929076ce sp=0x000000b061ef8678 mode 0
Event: 15.003 Thread 0x00000250ad05c800 Uncommon trap: trap_request=0xffffff4d fr.pc=0x000002509a7706f0 relative=0x0000000000000670
Event: 15.003 Thread 0x00000250ad05c800 Uncommon trap: reason=unstable_if action=reinterpret pc=0x000002509a7706f0 method=java.util.HashMap$HashIterator.<init>(Ljava/util/HashMap;)V @ 45 c2
Event: 15.003 Thread 0x00000250ad05c800 DEOPT PACKING pc=0x000002509a7706f0 sp=0x000000b0620f98d0
Event: 15.003 Thread 0x00000250ad05c800 DEOPT UNPACKING pc=0x00000250929078af sp=0x000000b0620f9758 mode 2
Event: 15.020 Thread 0x00000250ad059000 Uncommon trap: trap_request=0xffffff7e fr.pc=0x000002509a93d364 relative=0x0000000000000244
Event: 15.020 Thread 0x00000250ad059000 Uncommon trap: reason=predicate action=maybe_recompile pc=0x000002509a93d364 method=com.android.tools.r8.graph.c0.a([C)I @ 8 c2
Event: 15.020 Thread 0x00000250ad059000 DEOPT PACKING pc=0x000002509a93d364 sp=0x000000b061ef9dc0
Event: 15.020 Thread 0x00000250ad059000 DEOPT UNPACKING pc=0x00000250929078af sp=0x000000b061ef9d48 mode 2
Event: 15.053 Thread 0x00000250ad058800 Uncommon trap: trap_request=0xffffff4d fr.pc=0x000002509a9a277c relative=0x00000000000000fc
Event: 15.053 Thread 0x00000250ad058800 Uncommon trap: reason=unstable_if action=reinterpret pc=0x000002509a9a277c method=com.android.tools.r8.graph.B0$d.c()V @ 72 c2
Event: 15.053 Thread 0x00000250ad058800 DEOPT PACKING pc=0x000002509a9a277c sp=0x000000b061df8cb0
Event: 15.053 Thread 0x00000250ad058800 DEOPT UNPACKING pc=0x00000250929078af sp=0x000000b061df8ca0 mode 2
Event: 15.063 Thread 0x00000250ad05c800 Uncommon trap: trap_request=0xffffff4d fr.pc=0x000002509a725c38 relative=0x0000000000001198
Event: 15.063 Thread 0x00000250ad05c800 Uncommon trap: reason=unstable_if action=reinterpret pc=0x000002509a725c38 method=java.util.TreeMap.put(Ljava/lang/Object;Ljava/lang/Object;)Ljava/lang/Object; @ 163 c2
Event: 15.063 Thread 0x00000250ad05c800 DEOPT PACKING pc=0x000002509a725c38 sp=0x000000b0620f9920
Event: 15.063 Thread 0x00000250ad05c800 DEOPT UNPACKING pc=0x00000250929078af sp=0x000000b0620f98e0 mode 2

Classes redefined (0 events):
No events

Internal exceptions (20 events):
Event: 14.134 Thread 0x00000250ad053800 Exception <a 'java/lang/IncompatibleClassChangeError'{0x000000008af98430}: Found class java.lang.Object, but interface was expected> (0x000000008af98430) thrown at [./src/hotspot/share/interpreter/linkResolver.cpp, line 839]
Event: 14.134 Thread 0x00000250ad059000 Exception <a 'java/lang/IncompatibleClassChangeError'{0x000000008afb72c0}: Found class java.lang.Object, but interface was expected> (0x000000008afb72c0) thrown at [./src/hotspot/share/interpreter/linkResolver.cpp, line 839]
Event: 14.134 Thread 0x00000250ad058800 Exception <a 'java/lang/IncompatibleClassChangeError'{0x000000008af34640}: Found class java.lang.Object, but interface was expected> (0x000000008af34640) thrown at [./src/hotspot/share/interpreter/linkResolver.cpp, line 839]
Event: 14.136 Thread 0x00000250ad05c800 Exception <a 'java/lang/NoSuchMethodError'{0x000000008aff0b60}: 'int java.lang.invoke.DirectMethodHandle$Holder.invokeVirtual(java.lang.Object, java.lang.Object, java.lang.Object)'> (0x000000008aff0b60) thrown at [./src/hotspot/share/interpreter/linkResolver.cpp, line 773]
Event: 14.137 Thread 0x00000250ad058800 Exception <a 'java/lang/NoSuchMethodError'{0x000000008af42ba0}: 'int java.lang.invoke.DirectMethodHandle$Holder.invokeVirtual(java.lang.Object, java.lang.Object, java.lang.Object)'> (0x000000008af42ba0) thrown at [./src/hotspot/share/interpreter/linkResolver.cpp, line 773]
Event: 14.136 Thread 0x00000250ad059000 Exception <a 'java/lang/NoSuchMethodError'{0x000000008afc9e78}: 'int java.lang.invoke.DirectMethodHandle$Holder.invokeVirtual(java.lang.Object, java.lang.Object, java.lang.Object)'> (0x000000008afc9e78) thrown at [./src/hotspot/share/interpreter/linkResolver.cpp, line 773]
Event: 14.380 Thread 0x00000250ad058800 Exception <a 'java/lang/NoSuchMethodError'{0x0000000089b401e0}: 'java.lang.Object java.lang.invoke.DirectMethodHandle$Holder.invokeStatic(java.lang.Object, int, java.lang.Object, java.lang.Object)'> (0x0000000089b401e0) thrown at [./src/hotspot/share/interpreter/linkResolver.cpp, line 773]
Event: 14.380 Thread 0x00000250ad059000 Exception <a 'java/lang/NoSuchMethodError'{0x0000000089bd6998}: 'java.lang.Object java.lang.invoke.DirectMethodHandle$Holder.invokeStatic(java.lang.Object, int, java.lang.Object, java.lang.Object)'> (0x0000000089bd6998) thrown at [./src/hotspot/share/interpreter/linkResolver.cpp, line 773]
Event: 14.397 Thread 0x00000250ad059000 Exception <a 'java/lang/NoSuchMethodError'{0x0000000089a61940}: 'int java.lang.invoke.DirectMethodHandle$Holder.invokeSpecial(java.lang.Object, java.lang.Object, java.lang.Object, java.lang.Object, java.lang.Object, java.lang.Object, java.lang.Object, java.lang.Object, java.lang.Object)'> (0x0000000089a61940) thrown at [./src/hotspot/share/interpreter/linkResolver.cpp, line 773]
Event: 14.399 Thread 0x00000250ad058800 Exception <a 'java/lang/NoSuchMethodError'{0x000000008992b4f0}: 'java.lang.Object java.lang.invoke.Invokers$Holder.linkToTargetMethod(java.lang.Object, java.lang.Object, java.lang.Object, java.lang.Object, java.lang.Object, java.lang.Object, java.lang.Object, java.lang.Object)'> (0x000000008992b4f0) thrown at [./src/hotspot/share/interpreter/linkResolver.cpp, line 773]
Event: 14.399 Thread 0x00000250ad05c800 Exception <a 'java/lang/NoSuchMethodError'{0x0000000089a8dca0}: 'java.lang.Object java.lang.invoke.Invokers$Holder.linkToTargetMethod(java.lang.Object, java.lang.Object, java.lang.Object, java.lang.Object, java.lang.Object, java.lang.Object, java.lang.Object, java.lang.Object)'> (0x0000000089a8dca0) thrown at [./src/hotspot/share/interpreter/linkResolver.cpp, line 773]
Event: 14.449 Thread 0x00000250ad053800 Exception <a 'java/lang/NoSuchMethodError'{0x000000008c803228}: 'java.lang.Object java.lang.invoke.Invokers$Holder.linkToTargetMethod(java.lang.Object, java.lang.Object, java.lang.Object, java.lang.Object, java.lang.Object, java.lang.Object, java.lang.Object)'> (0x000000008c803228) thrown at [./src/hotspot/share/interpreter/linkResolver.cpp, line 773]
Event: 14.449 Thread 0x00000250ad059000 Exception <a 'java/lang/NoSuchMethodError'{0x000000008c9666d8}: 'java.lang.Object java.lang.invoke.Invokers$Holder.linkToTargetMethod(java.lang.Object, java.lang.Object, java.lang.Object, java.lang.Object, java.lang.Object, java.lang.Object, java.lang.Object)'> (0x000000008c9666d8) thrown at [./src/hotspot/share/interpreter/linkResolver.cpp, line 773]
Event: 14.526 Thread 0x00000250ad059000 Exception <a 'java/lang/NoSuchMethodError'{0x000000008c548128}: 'java.lang.Object java.lang.invoke.DirectMethodHandle$Holder.invokeVirtual(java.lang.Object, java.lang.Object, int, java.lang.Object)'> (0x000000008c548128) thrown at [./src/hotspot/share/interpreter/linkResolver.cpp, line 773]
Event: 14.526 Thread 0x00000250ad058800 Exception <a 'java/lang/NoSuchMethodError'{0x000000008c70b538}: 'java.lang.Object java.lang.invoke.DirectMethodHandle$Holder.invokeVirtual(java.lang.Object, java.lang.Object, int, java.lang.Object)'> (0x000000008c70b538) thrown at [./src/hotspot/share/interpreter/linkResolver.cpp, line 773]
Event: 14.526 Thread 0x00000250ad05c800 Exception <a 'java/lang/NoSuchMethodError'{0x000000008c776610}: 'java.lang.Object java.lang.invoke.DirectMethodHandle$Holder.invokeVirtual(java.lang.Object, java.lang.Object, int, java.lang.Object)'> (0x000000008c776610) thrown at [./src/hotspot/share/interpreter/linkResolver.cpp, line 773]
Event: 14.526 Thread 0x00000250ad053800 Exception <a 'java/lang/NoSuchMethodError'{0x000000008c53ec00}: 'java.lang.Object java.lang.invoke.DirectMethodHandle$Holder.invokeVirtual(java.lang.Object, java.lang.Object, int, java.lang.Object)'> (0x000000008c53ec00) thrown at [./src/hotspot/share/interpreter/linkResolver.cpp, line 773]
Event: 14.559 Thread 0x00000250ad05c800 Exception <a 'java/lang/NoSuchMethodError'{0x000000008c4a4b80}: 'void java.lang.invoke.DirectMethodHandle$Holder.invokeVirtual(java.lang.Object, java.lang.Object, int, java.lang.Object)'> (0x000000008c4a4b80) thrown at [./src/hotspot/share/interpreter/linkResolver.cpp, line 773]
Event: 14.665 Thread 0x00000250ad053800 Exception <a 'java/lang/NoSuchMethodError'{0x000000008c0b8828}: 'int java.lang.invoke.DirectMethodHandle$Holder.invokeSpecial(java.lang.Object, java.lang.Object, java.lang.Object, int, java.lang.Object)'> (0x000000008c0b8828) thrown at [./src/hotspot/share/interpreter/linkResolver.cpp, line 773]
Event: 14.898 Thread 0x00000250ad053800 Exception <a 'java/lang/NoSuchMethodError'{0x000000008b7c1340}: 'java.lang.Object java.lang.invoke.DirectMethodHandle$Holder.invokeInterface(java.lang.Object, java.lang.Object, int)'> (0x000000008b7c1340) thrown at [./src/hotspot/share/interpreter/linkResolver.cpp, line 773]

Events (20 events):
Event: 15.018 loading class com/android/tools/r8/code/j2 done
Event: 15.019 loading class com/android/tools/r8/code/i2
Event: 15.019 loading class com/android/tools/r8/code/i2 done
Event: 15.019 loading class com/android/tools/r8/code/O0
Event: 15.019 loading class com/android/tools/r8/code/O0 done
Event: 15.019 loading class com/android/tools/r8/code/r2
Event: 15.019 loading class com/android/tools/r8/code/r2 done
Event: 15.019 loading class com/android/tools/r8/code/l2
Event: 15.019 loading class com/android/tools/r8/code/l2 done
Event: 15.020 loading class com/android/tools/r8/code/g2
Event: 15.020 loading class com/android/tools/r8/code/g2 done
Event: 15.020 loading class com/android/tools/r8/code/q2
Event: 15.020 loading class com/android/tools/r8/code/q2 done
Event: 15.020 loading class com/android/tools/r8/code/k2
Event: 15.020 loading class com/android/tools/r8/code/k2 done
Event: 15.021 loading class com/android/tools/r8/internal/Bt$a
Event: 15.021 loading class com/android/tools/r8/internal/Bt$a done
Event: 15.063 Executing VM operation: ICBufferFull
Event: 15.063 Executing VM operation: ICBufferFull done
Event: 15.072 Executing VM operation: G1CollectForAllocation


Dynamic libraries:
0x00007ff7b7980000 - 0x00007ff7b798a000 	C:\Program Files\Android\Android Studio\jre\bin\java.exe
0x00007ff8bec10000 - 0x00007ff8bee05000 	C:\Windows\SYSTEM32\ntdll.dll
0x00007ff8bd380000 - 0x00007ff8bd43e000 	C:\Windows\System32\KERNEL32.DLL
0x00007ff8bc330000 - 0x00007ff8bc5f8000 	C:\Windows\System32\KERNELBASE.dll
0x00007ff8bc760000 - 0x00007ff8bc860000 	C:\Windows\System32\ucrtbase.dll
0x00007ff8b61f0000 - 0x00007ff8b6209000 	C:\Program Files\Android\Android Studio\jre\bin\jli.dll
0x00007ff8b4d80000 - 0x00007ff8b4d97000 	C:\Program Files\Android\Android Studio\jre\bin\VCRUNTIME140.dll
0x00007ff8bd070000 - 0x00007ff8bd210000 	C:\Windows\System32\USER32.dll
0x00007ff8bc860000 - 0x00007ff8bc882000 	C:\Windows\System32\win32u.dll
0x00007ff8bcd50000 - 0x00007ff8bcd7a000 	C:\Windows\System32\GDI32.dll
0x00007ff8bca70000 - 0x00007ff8bcb7b000 	C:\Windows\System32\gdi32full.dll
0x00007ff8bc940000 - 0x00007ff8bc9dd000 	C:\Windows\System32\msvcp_win.dll
0x00007ff8a3ea0000 - 0x00007ff8a413a000 	C:\Windows\WinSxS\amd64_microsoft.windows.common-controls_6595b64144ccf1df_6.0.19041.1110_none_60b5254171f9507e\COMCTL32.dll
0x00007ff8bd280000 - 0x00007ff8bd31e000 	C:\Windows\System32\msvcrt.dll
0x00007ff8bcd80000 - 0x00007ff8bcdb0000 	C:\Windows\System32\IMM32.DLL
0x00007ff8af710000 - 0x00007ff8af7ad000 	C:\Program Files\Android\Android Studio\jre\bin\msvcp140.dll
0x00007ff86e700000 - 0x00007ff86f1cf000 	C:\Program Files\Android\Android Studio\jre\bin\server\jvm.dll
0x00007ff8be990000 - 0x00007ff8bea3e000 	C:\Windows\System32\ADVAPI32.dll
0x00007ff8be050000 - 0x00007ff8be0ec000 	C:\Windows\System32\sechost.dll
0x00007ff8bdf00000 - 0x00007ff8be025000 	C:\Windows\System32\RPCRT4.dll
0x00007ff8be750000 - 0x00007ff8be758000 	C:\Windows\System32\PSAPI.DLL
0x00007ff8b7e80000 - 0x00007ff8b7e89000 	C:\Windows\SYSTEM32\WSOCK32.dll
0x00007ff8bd210000 - 0x00007ff8bd27b000 	C:\Windows\System32\WS2_32.dll
0x00007ff8b1530000 - 0x00007ff8b1557000 	C:\Windows\SYSTEM32\WINMM.dll
0x00007ff8b1d20000 - 0x00007ff8b1d2a000 	C:\Windows\SYSTEM32\VERSION.dll
0x00007ff8ba270000 - 0x00007ff8ba282000 	C:\Windows\SYSTEM32\kernel.appcore.dll
0x00007ff8b7e60000 - 0x00007ff8b7e71000 	C:\Program Files\Android\Android Studio\jre\bin\verify.dll
0x00007ff8b2810000 - 0x00007ff8b29f4000 	C:\Windows\SYSTEM32\DBGHELP.DLL
0x00007ff8af3d0000 - 0x00007ff8af3fc000 	C:\Windows\SYSTEM32\dbgcore.DLL
0x00007ff8bc9e0000 - 0x00007ff8bca62000 	C:\Windows\System32\bcryptPrimitives.dll
0x00007ff8b6e30000 - 0x00007ff8b6e59000 	C:\Program Files\Android\Android Studio\jre\bin\java.dll
0x00007ff8b72d0000 - 0x00007ff8b72db000 	C:\Program Files\Android\Android Studio\jre\bin\jimage.dll
0x00007ff8b6e10000 - 0x00007ff8b6e28000 	C:\Program Files\Android\Android Studio\jre\bin\zip.dll
0x00007ff8bd440000 - 0x00007ff8bdb84000 	C:\Windows\System32\SHELL32.dll
0x00007ff8ba470000 - 0x00007ff8bac04000 	C:\Windows\SYSTEM32\windows.storage.dll
0x00007ff8bdb90000 - 0x00007ff8bdee4000 	C:\Windows\System32\combase.dll
0x00007ff8bbcd0000 - 0x00007ff8bbcfc000 	C:\Windows\SYSTEM32\Wldp.dll
0x00007ff8be0f0000 - 0x00007ff8be19d000 	C:\Windows\System32\SHCORE.dll
0x00007ff8be1a0000 - 0x00007ff8be1f5000 	C:\Windows\System32\shlwapi.dll
0x00007ff8bc270000 - 0x00007ff8bc28f000 	C:\Windows\SYSTEM32\profapi.dll
0x00007ff8b6a40000 - 0x00007ff8b6a5a000 	C:\Program Files\Android\Android Studio\jre\bin\net.dll
0x00007ff8af290000 - 0x00007ff8af39a000 	C:\Windows\SYSTEM32\WINHTTP.dll
0x00007ff8bba30000 - 0x00007ff8bba9a000 	C:\Windows\system32\mswsock.dll
0x00007ff8b6a20000 - 0x00007ff8b6a34000 	C:\Program Files\Android\Android Studio\jre\bin\nio.dll
0x00007ff8b14c0000 - 0x00007ff8b14e7000 	C:\Users\migue\.gradle\native\8bec1ad78214c89d9ad589b4d07fe93259594b29d510b10fafb7a158f7737e5d\windows-amd64\native-platform.dll
0x00007ff8b0cc0000 - 0x00007ff8b0dfd000 	C:\Users\migue\.gradle\native\53dbd7edfb1c66fb8903c78663c9afc45aea4f116125fa6feffd364cf09443e8\windows-amd64\native-platform-file-events.dll
0x00007ff8b6ec0000 - 0x00007ff8b6eca000 	C:\Program Files\Android\Android Studio\jre\bin\management.dll
0x00007ff8b6a10000 - 0x00007ff8b6a1c000 	C:\Program Files\Android\Android Studio\jre\bin\management_ext.dll
0x00007ff8bbc20000 - 0x00007ff8bbc38000 	C:\Windows\SYSTEM32\CRYPTSP.dll
0x00007ff8bb3b0000 - 0x00007ff8bb3e4000 	C:\Windows\system32\rsaenh.dll
0x00007ff8bcc40000 - 0x00007ff8bcc67000 	C:\Windows\System32\bcrypt.dll
0x00007ff8bc230000 - 0x00007ff8bc25e000 	C:\Windows\SYSTEM32\USERENV.dll
0x00007ff8bbc40000 - 0x00007ff8bbc4c000 	C:\Windows\SYSTEM32\CRYPTBASE.dll
0x00007ff8bb720000 - 0x00007ff8bb75b000 	C:\Windows\SYSTEM32\IPHLPAPI.DLL
0x00007ff8be200000 - 0x00007ff8be208000 	C:\Windows\System32\NSI.dll
0x00007ff8b26e0000 - 0x00007ff8b26f7000 	C:\Windows\SYSTEM32\dhcpcsvc6.DLL
0x00007ff8b26c0000 - 0x00007ff8b26dd000 	C:\Windows\SYSTEM32\dhcpcsvc.DLL
0x00007ff8bb760000 - 0x00007ff8bb82b000 	C:\Windows\SYSTEM32\DNSAPI.dll

dbghelp: loaded successfully - version: 4.0.5 - missing functions: none
symbol engine: initialized successfully - sym options: 0x614 - pdb path: .;C:\Program Files\Android\Android Studio\jre\bin;C:\Windows\SYSTEM32;C:\Windows\WinSxS\amd64_microsoft.windows.common-controls_6595b64144ccf1df_6.0.19041.1110_none_60b5254171f9507e;C:\Program Files\Android\Android Studio\jre\bin\server;C:\Users\migue\.gradle\native\8bec1ad78214c89d9ad589b4d07fe93259594b29d510b10fafb7a158f7737e5d\windows-amd64;C:\Users\migue\.gradle\native\53dbd7edfb1c66fb8903c78663c9afc45aea4f116125fa6feffd364cf09443e8\windows-amd64

VM Arguments:
jvm_args: --add-opens=java.base/java.util=ALL-UNNAMED --add-opens=java.base/java.lang=ALL-UNNAMED --add-opens=java.base/java.lang.invoke=ALL-UNNAMED --add-opens=java.base/java.util=ALL-UNNAMED --add-opens=java.prefs/java.util.prefs=ALL-UNNAMED --add-opens=java.prefs/java.util.prefs=ALL-UNNAMED --add-opens=java.base/java.nio.charset=ALL-UNNAMED --add-opens=java.base/java.net=ALL-UNNAMED --add-opens=java.base/java.util.concurrent.atomic=ALL-UNNAMED -Xmx2048m -Dfile.encoding=UTF-8 -Duser.country=MX -Duser.language=es -Duser.variant 
java_command: org.gradle.launcher.daemon.bootstrap.GradleDaemon 7.0.2
java_class_path (initial): C:\Users\migue\.gradle\wrapper\dists\gradle-7.0.2-bin\857tjihv64xamwrf0h14cai3r\gradle-7.0.2\lib\gradle-launcher-7.0.2.jar
Launcher Type: SUN_STANDARD

[Global flags]
     intx CICompilerCount                          = 3                                         {product} {ergonomic}
     uint ConcGCThreads                            = 1                                         {product} {ergonomic}
     uint G1ConcRefinementThreads                  = 4                                         {product} {ergonomic}
   size_t G1HeapRegionSize                         = 1048576                                   {product} {ergonomic}
    uintx GCDrainStackTargetSize                   = 64                                        {product} {ergonomic}
   size_t InitialHeapSize                          = 100663296                                 {product} {ergonomic}
   size_t MarkStackSize                            = 4194304                                   {product} {ergonomic}
   size_t MaxHeapSize                              = 2147483648                                {product} {command line}
   size_t MaxNewSize                               = 1287651328                                {product} {ergonomic}
   size_t MinHeapDeltaBytes                        = 1048576                                   {product} {ergonomic}
    uintx NonNMethodCodeHeapSize                   = 5830732                                {pd product} {ergonomic}
    uintx NonProfiledCodeHeapSize                  = 122913754                              {pd product} {ergonomic}
    uintx ProfiledCodeHeapSize                     = 122913754                              {pd product} {ergonomic}
    uintx ReservedCodeCacheSize                    = 251658240                              {pd product} {ergonomic}
     bool SegmentedCodeCache                       = true                                      {product} {ergonomic}
     bool UseCompressedClassPointers               = true                                 {lp64_product} {ergonomic}
     bool UseCompressedOops                        = true                                 {lp64_product} {ergonomic}
     bool UseG1GC                                  = true                                      {product} {ergonomic}
     bool UseLargePagesIndividualAllocation        = false                                  {pd product} {ergonomic}

Logging:
Log output configuration:
 #0: stdout all=warning uptime,level,tags
 #1: stderr all=off uptime,level,tags

Environment Variables:
JAVA_HOME=C:\Program Files\Java\jdk-17
PATH=C:\Program Files\Common Files\Oracle\Java\javapath;C:\Program Files (x86)\Common Files\Oracle\Java\javapath;C:\ProgramData\Oracle\Java\javapath;C:\Windows\system32;C:\Windows;C:\Windows\System32\Wbem;C:\Windows\System32\WindowsPowerShell\v1.0\;C:\Windows\System32\OpenSSH\;C:\Program Files\Microsoft SQL Server\Client SDK\ODBC\110\Tools\Binn\;C:\Program Files (x86)\Microsoft SQL Server\120\Tools\Binn\;C:\Program Files\Microsoft SQL Server\120\Tools\Binn\;C:\Program Files\Microsoft SQL Server\120\DTS\Binn\;C:\Program Files (x86)\Windows Kits\8.1\Windows Performance Toolkit\;C:\Program Files (x86)\Windows Kits\10\Windows Performance Toolkit\;C:\Program Files\Java\jdk-17\bin;C:\Program Files (x86)\dotnet\;C:\Program Files\Git\cmd;C:\Program Files\nodejs\;C:\Users\migue\AppData\Local\Microsoft\WindowsApps;C:\Users\migue\AppData\Local\atom\bin;C:\Users\migue\AppData\Local\Programs\Microsoft VS Code\bin;C:\Users\migue\AppData\Local\GitHubDesktop\bin;C:\Users\migue\AppData\Roaming\npm
USERNAME=Gabriel
OS=Windows_NT
PROCESSOR_IDENTIFIER=AMD64 Family 23 Model 24 Stepping 1, AuthenticAMD



---------------  S Y S T E M  ---------------

OS: Windows 10 , 64 bit Build 19041 (10.0.19041.1645)
OS uptime: 4 days 1:39 hours

CPU:total 4 (initial active 4) (4 cores per cpu, 1 threads per core) family 23 model 24 stepping 1 microcode 0x0, cmov, cx8, fxsr, mmx, sse, sse2, sse3, ssse3, sse4.1, sse4.2, popcnt, avx, avx2, aes, clmul, mmxext, 3dnowpref, lzcnt, sse4a, tsc, tscinvbit, tscinv, bmi1, bmi2, adx, sha, 

Memory: 4k page, system-wide physical 6088M (293M free)
TotalPageFile size 10184M (AvailPageFile size 15M)
current process WorkingSet (physical memory assigned to process): 422M, peak: 438M
current process commit charge ("private bytes"): 535M, peak: 595M

vm_info: OpenJDK 64-Bit Server VM (11.0.10+0-b96-7249189) for windows-amd64 JRE (11.0.10+0-b96-7249189), built on Mar 31 2021 21:44:00 by "builder" with MS VC++ 14.0 (VS2015)

END.
